<?xml version="1.0" encoding="UTF-8"?>
<testng-results skipped="0" failed="0" total="1" passed="1">
  <reporter-output>
  </reporter-output>
  <suite name="Default suite" duration-ms="16" started-at="2013-05-14T02:51:38Z" finished-at="2013-05-14T02:51:38Z">
    <groups>
    </groups>
    <test name="Default test" duration-ms="16" started-at="2013-05-14T02:51:38Z" finished-at="2013-05-14T02:51:38Z">
      <class name="com.ht.scada.common.tag.service.impl.VarGroupCfgServiceImplTest">
        <test-method status="PASS" signature="getAllVarGroupCfg()[pri:0, instance:com.ht.scada.common.tag.service.impl.VarGroupCfgServiceImplTest@64bf091d]" name="getAllVarGroupCfg" duration-ms="8" started-at="2013-05-14T10:51:38Z" finished-at="2013-05-14T10:51:38Z">
          <reporter-output>
          </reporter-output>
        </test-method> <!-- getAllVarGroupCfg -->
      </class> <!-- com.ht.scada.common.tag.service.impl.VarGroupCfgServiceImplTest -->
    </test> <!-- Default test -->
  </suite> <!-- Default suite -->
</testng-results>
